  C++_FinalProj_NavyStrike_CIS150.cpp
<<<<<<< HEAD
c:\users\jacka\desktop\do not move\finalproj_cis150_navystrike\navy-strike\c++_finalproj_navystrike_cis150\c++_finalproj_navystrike_cis150.cpp(8): warning C4603: '_WIN32_WINNT': macro is not defined or definition is different after precompiled header use
  c:\users\jacka\desktop\do not move\finalproj_cis150_navystrike\navy-strike\c++_finalproj_navystrike_cis150\c++_finalproj_navystrike_cis150.cpp(8): note: Add macro to precompiled header instead of defining here
  c:\users\jacka\desktop\do not move\finalproj_cis150_navystrike\navy-strike\c++_finalproj_navystrike_cis150\c++_finalproj_navystrike_cis150.cpp(10): note: use of precompiled header
c:\users\jacka\desktop\do not move\finalproj_cis150_navystrike\navy-strike\c++_finalproj_navystrike_cis150\c++_finalproj_navystrike_cis150.cpp(124): warning C4101: 'players': unreferenced local variable
c:\users\jacka\desktop\do not move\finalproj_cis150_navystrike\navy-strike\c++_finalproj_navystrike_cis150\c++_finalproj_navystrike_cis150.cpp(3055): warning C4129: 'V': unrecognized character escape sequence
c:\users\jacka\desktop\do not move\finalproj_cis150_navystrike\navy-strike\c++_finalproj_navystrike_cis150\c++_finalproj_navystrike_cis150.cpp(3156): warning C4996: '_strdate': This function or variable may be unsafe. Consider using _strdate_s instead. To disable deprecation, use _CRT_SECURE_NO_WARNINGS. See online help for details.
  c:\program files (x86)\windows kits\10\include\10.0.15063.0\ucrt\time.h(292): note: see declaration of '_strdate'
c:\users\jacka\desktop\do not move\finalproj_cis150_navystrike\navy-strike\c++_finalproj_navystrike_cis150\c++_finalproj_navystrike_cis150.cpp(3193): warning C4996: '_strdate': This function or variable may be unsafe. Consider using _strdate_s instead. To disable deprecation, use _CRT_SECURE_NO_WARNINGS. See online help for details.
  c:\program files (x86)\windows kits\10\include\10.0.15063.0\ucrt\time.h(292): note: see declaration of '_strdate'
c:\users\jacka\desktop\do not move\finalproj_cis150_navystrike\navy-strike\c++_finalproj_navystrike_cis150\c++_finalproj_navystrike_cis150.cpp(3258): warning C4244: 'argument': conversion from 'time_t' to 'unsigned int', possible loss of data
  C++_FinalProj_NavyStrike_CIS150.vcxproj -> C:\Users\jacka\Desktop\Do not move\FinalProj_CIS150_NavyStrike\navy-strike\Debug\C++_FinalProj_NavyStrike_CIS150.exe
  C++_FinalProj_NavyStrike_CIS150.vcxproj -> C:\Users\jacka\Desktop\Do not move\FinalProj_CIS150_NavyStrike\navy-strike\Debug\C++_FinalProj_NavyStrike_CIS150.pdb (Partial PDB)
=======
d:\program files (x86)\visual studio projects\navy-strike\c++_finalproj_navystrike_cis150\c++_finalproj_navystrike_cis150.cpp(8): warning C4603: '_WIN32_WINNT': macro is not defined or definition is different after precompiled header use
  d:\program files (x86)\visual studio projects\navy-strike\c++_finalproj_navystrike_cis150\c++_finalproj_navystrike_cis150.cpp(8): note: Add macro to precompiled header instead of defining here
  d:\program files (x86)\visual studio projects\navy-strike\c++_finalproj_navystrike_cis150\c++_finalproj_navystrike_cis150.cpp(10): note: use of precompiled header
d:\program files (x86)\visual studio projects\navy-strike\c++_finalproj_navystrike_cis150\c++_finalproj_navystrike_cis150.cpp(120): warning C4101: 'players': unreferenced local variable
d:\program files (x86)\visual studio projects\navy-strike\c++_finalproj_navystrike_cis150\c++_finalproj_navystrike_cis150.cpp(2881): warning C4129: 'V': unrecognized character escape sequence
d:\program files (x86)\visual studio projects\navy-strike\c++_finalproj_navystrike_cis150\c++_finalproj_navystrike_cis150.cpp(3021): warning C4244: 'argument': conversion from 'time_t' to 'unsigned int', possible loss of data
  C++_FinalProj_NavyStrike_CIS150.vcxproj -> D:\Program Files (x86)\Visual Studio Projects\navy-strike\Debug\C++_FinalProj_NavyStrike_CIS150.exe
  C++_FinalProj_NavyStrike_CIS150.vcxproj -> D:\Program Files (x86)\Visual Studio Projects\navy-strike\Debug\C++_FinalProj_NavyStrike_CIS150.pdb (Partial PDB)
>>>>>>> ab19137f97722f2c4ed181cce450b12f1565cf11
